2023-10-17 00:55:05,190 INFO  [org.jboss.modules] (main) JBoss Modules version 2.1.0.Final
2023-10-17 00:55:05,956 INFO  [org.jboss.msc] (main) JBoss MSC version 1.5.1.Final
2023-10-17 00:55:05,963 INFO  [org.jboss.threads] (main) JBoss Threads version 2.4.0.Final
2023-10-17 00:55:06,067 INFO  [org.jboss.as] (MSC service thread 1-1) WFLYSRV0049: WildFly Full 29.0.1.Final (WildFly Core 21.1.1.Final) starting
2023-10-17 00:55:06,069 DEBUG [org.jboss.as.config] (MSC service thread 1-1) Configured system properties:
	[Standalone] = 
	file.encoding = UTF-8
	file.separator = /
	java.awt.headless = true
	java.class.path = /home/eren/Desktop/ITMO/3sem/wildfly-29.0.1.Final/jboss-modules.jar
	java.class.version = 61.0
	java.home = /home/eren/.jdks/corretto-17.0.7
	java.io.tmpdir = /tmp
	java.library.path = /usr/java/packages/lib:/usr/lib64:/lib64:/lib:/usr/lib
	java.net.preferIPv4Stack = true
	java.runtime.name = OpenJDK Runtime Environment
	java.runtime.version = 17.0.7+7-LTS
	java.security.manager = allow
	java.specification.name = Java Platform API Specification
	java.specification.vendor = Oracle Corporation
	java.specification.version = 17
	java.util.logging.manager = org.jboss.logmanager.LogManager
	java.vendor = Amazon.com Inc.
	java.vendor.url = https://aws.amazon.com/corretto/
	java.vendor.url.bug = https://github.com/corretto/corretto-17/issues/
	java.vendor.version = Corretto-17.0.7.7.1
	java.version = 17.0.7
	java.version.date = 2023-04-18
	java.vm.compressedOopsMode = 32-bit
	java.vm.info = mixed mode, sharing
	java.vm.name = OpenJDK 64-Bit Server VM
	java.vm.specification.name = Java Virtual Machine Specification
	java.vm.specification.vendor = Oracle Corporation
	java.vm.specification.version = 17
	java.vm.vendor = Amazon.com Inc.
	java.vm.version = 17.0.7+7-LTS
	javax.management.builder.initial = org.jboss.as.jmx.PluggableMBeanServerBuilder
	jboss.home.dir = /home/eren/Desktop/ITMO/3sem/wildfly-29.0.1.Final
	jboss.host.name = eren
	jboss.modules.system.pkgs = org.jboss.byteman
	jboss.node.name = eren
	jboss.qualified.host.name = eren
	jboss.server.base.dir = /home/eren/Desktop/ITMO/3sem/wildfly-29.0.1.Final/standalone
	jboss.server.config.dir = /home/eren/Desktop/ITMO/3sem/wildfly-29.0.1.Final/standalone/configuration
	jboss.server.data.dir = /home/eren/Desktop/ITMO/3sem/wildfly-29.0.1.Final/standalone/data
	jboss.server.log.dir = /home/eren/Desktop/ITMO/3sem/wildfly-29.0.1.Final/standalone/log
	jboss.server.name = eren
	jboss.server.persist.config = true
	jboss.server.temp.dir = /home/eren/Desktop/ITMO/3sem/wildfly-29.0.1.Final/standalone/tmp
	jdk.debug = release
	line.separator = 

	logging.configuration = file:/home/eren/Desktop/ITMO/3sem/wildfly-29.0.1.Final/standalone/configuration/logging.properties
	module.path = /home/eren/Desktop/ITMO/3sem/wildfly-29.0.1.Final/modules
	native.encoding = UTF-8
	org.jboss.boot.log.file = /home/eren/Desktop/ITMO/3sem/wildfly-29.0.1.Final/standalone/log/server.log
	org.jboss.resolver.warning = true
	os.arch = amd64
	os.name = Linux
	os.version = 6.2.0-34-generic
	path.separator = :
	sun.arch.data.model = 64
	sun.boot.library.path = /home/eren/.jdks/corretto-17.0.7/lib
	sun.cpu.endian = little
	sun.io.unicode.encoding = UnicodeLittle
	sun.java.command = /home/eren/Desktop/ITMO/3sem/wildfly-29.0.1.Final/jboss-modules.jar -mp /home/eren/Desktop/ITMO/3sem/wildfly-29.0.1.Final/modules org.jboss.as.standalone -Djboss.home.dir=/home/eren/Desktop/ITMO/3sem/wildfly-29.0.1.Final -Djboss.server.base.dir=/home/eren/Desktop/ITMO/3sem/wildfly-29.0.1.Final/standalone
	sun.java.launcher = SUN_STANDARD
	sun.jnu.encoding = UTF-8
	sun.management.compiler = HotSpot 64-Bit Tiered Compilers
	user.country = US
	user.dir = /home/eren/Desktop/ITMO/3sem/wildfly-29.0.1.Final/bin
	user.home = /home/eren
	user.language = en
	user.name = eren
	user.timezone = Europe/Moscow
2023-10-17 00:55:06,072 DEBUG [org.jboss.as.config] (MSC service thread 1-1) VM Arguments: -D[Standalone] -Xms64m -Xmx512m -XX:MetaspaceSize=96M -XX:MaxMetaspaceSize=256m -Djava.net.preferIPv4Stack=true -Djboss.modules.system.pkgs=org.jboss.byteman -Djava.awt.headless=true --add-exports=java.desktop/sun.awt=ALL-UNNAMED --add-exports=java.naming/com.sun.jndi.ldap=ALL-UNNAMED --add-exports=java.naming/com.sun.jndi.url.ldap=ALL-UNNAMED --add-exports=java.naming/com.sun.jndi.url.ldaps=ALL-UNNAMED --add-exports=jdk.naming.dns/com.sun.jndi.dns=ALL-UNNAMED --add-opens=java.base/java.lang=ALL-UNNAMED --add-opens=java.base/java.lang.invoke=ALL-UNNAMED --add-opens=java.base/java.lang.reflect=ALL-UNNAMED --add-opens=java.base/java.io=ALL-UNNAMED --add-opens=java.base/java.net=ALL-UNNAMED --add-opens=java.base/java.security=ALL-UNNAMED --add-opens=java.base/java.util=ALL-UNNAMED --add-opens=java.base/java.util.concurrent=ALL-UNNAMED --add-opens=java.management/javax.management=ALL-UNNAMED --add-opens=java.naming/javax.naming=ALL-UNNAMED -Djava.security.manager=allow -Dorg.jboss.boot.log.file=/home/eren/Desktop/ITMO/3sem/wildfly-29.0.1.Final/standalone/log/server.log -Dlogging.configuration=file:/home/eren/Desktop/ITMO/3sem/wildfly-29.0.1.Final/standalone/configuration/logging.properties 
2023-10-17 00:55:06,655 INFO  [org.wildfly.security] (ServerService Thread Pool -- 25) ELY00001: WildFly Elytron version 2.2.1.Final
2023-10-17 00:55:07,036 INFO  [org.jboss.as.controller.management-deprecated] (ServerService Thread Pool -- 23) WFLYCTL0028: Attribute 'cluster' in the resource at address '/subsystem=ejb3/service=remote' is deprecated, and may be removed in a future version. See the attribute description in the output of the read-resource-description operation to learn more about the deprecation.
2023-10-17 00:55:07,107 INFO  [org.jboss.as.server] (Controller Boot Thread) WFLYSRV0039: Creating http management service using socket-binding (management-http)
2023-10-17 00:55:07,119 INFO  [org.xnio] (MSC service thread 1-8) XNIO version 3.8.9.Final
2023-10-17 00:55:07,125 INFO  [org.xnio.nio] (MSC service thread 1-8) XNIO NIO Implementation Version 3.8.9.Final
2023-10-17 00:55:07,142 INFO  [org.jboss.as.jaxrs] (ServerService Thread Pool -- 57) WFLYRS0016: RESTEasy version 6.2.5.Final
2023-10-17 00:55:07,142 INFO  [org.wildfly.extension.elytron.oidc._private] (ServerService Thread Pool -- 53) WFLYOIDC0001: Activating WildFly Elytron OIDC Subsystem
2023-10-17 00:55:07,144 INFO  [org.jboss.as.clustering.infinispan] (ServerService Thread Pool -- 55) WFLYCLINF0001: Activating Infinispan subsystem.
2023-10-17 00:55:07,144 INFO  [org.wildfly.extension.microprofile.config.smallrye] (ServerService Thread Pool -- 65) WFLYCONF0001: Activating MicroProfile Config Subsystem
2023-10-17 00:55:07,146 WARN  [org.jboss.as.txn] (ServerService Thread Pool -- 74) WFLYTX0013: The node-identifier attribute on the /subsystem=transactions is set to the default value. This is a danger for environments running multiple servers. Please make sure the attribute value is unique.
2023-10-17 00:55:07,147 INFO  [org.wildfly.extension.health] (ServerService Thread Pool -- 54) WFLYHEALTH0001: Activating Base Health Subsystem
2023-10-17 00:55:07,150 INFO  [org.wildfly.extension.microprofile.jwt.smallrye] (ServerService Thread Pool -- 66) WFLYJWT0001: Activating MicroProfile JWT Subsystem
2023-10-17 00:55:07,150 INFO  [org.wildfly.extension.io] (ServerService Thread Pool -- 56) WFLYIO001: Worker 'default' has auto-configured to 24 IO threads with 192 max task threads based on your 12 available processors
2023-10-17 00:55:07,151 INFO  [org.jboss.as.jsf] (ServerService Thread Pool -- 62) WFLYJSF0007: Activated the following Jakarta Server Faces Implementations: [main]
2023-10-17 00:55:07,155 INFO  [org.jboss.as.naming] (ServerService Thread Pool -- 67) WFLYNAM0001: Activating Naming Subsystem
2023-10-17 00:55:07,158 INFO  [org.wildfly.extension.metrics] (ServerService Thread Pool -- 64) WFLYMETRICS0001: Activating Base Metrics Subsystem
2023-10-17 00:55:07,161 INFO  [org.jboss.as.webservices] (ServerService Thread Pool -- 76) WFLYWS0002: Activating WebServices Extension
2023-10-17 00:55:07,161 INFO  [org.jboss.as.connector] (MSC service thread 1-1) WFLYJCA0009: Starting Jakarta Connectors Subsystem (WildFly/IronJacamar 3.0.3.Final)
2023-10-17 00:55:07,190 INFO  [org.jboss.as.connector.subsystems.datasources] (ServerService Thread Pool -- 44) WFLYJCA0004: Deploying JDBC-compliant driver class org.h2.Driver (version 2.1)
2023-10-17 00:55:07,195 INFO  [org.jboss.as.connector.deployers.jdbc] (MSC service thread 1-7) WFLYJCA0018: Started Driver service with driver-name = h2
2023-10-17 00:55:07,206 INFO  [org.jboss.as.naming] (MSC service thread 1-6) WFLYNAM0003: Starting Naming Service
2023-10-17 00:55:07,207 INFO  [org.jboss.as.mail.extension] (MSC service thread 1-6) WFLYMAIL0001: Bound mail session [java:jboss/mail/Default]
2023-10-17 00:55:07,209 INFO  [org.jboss.remoting] (MSC service thread 1-2) JBoss Remoting version 5.0.27.Final
2023-10-17 00:55:07,236 INFO  [org.wildfly.extension.undertow] (MSC service thread 1-6) WFLYUT0003: Undertow 2.3.7.Final starting
2023-10-17 00:55:07,246 WARN  [org.wildfly.extension.elytron] (MSC service thread 1-3) WFLYELY00023: KeyStore file '/home/eren/Desktop/ITMO/3sem/wildfly-29.0.1.Final/standalone/configuration/application.keystore' does not exist. Used blank.
2023-10-17 00:55:07,264 WARN  [org.wildfly.extension.elytron] (MSC service thread 1-8) WFLYELY01084: KeyStore /home/eren/Desktop/ITMO/3sem/wildfly-29.0.1.Final/standalone/configuration/application.keystore not found, it will be auto-generated on first use with a self-signed certificate for host localhost
2023-10-17 00:55:07,311 INFO  [org.jboss.as.ejb3] (MSC service thread 1-8) WFLYEJB0482: Strict pool mdb-strict-max-pool is using a max instance size of 48 (per class), which is derived from the number of CPUs on this host.
2023-10-17 00:55:07,312 INFO  [org.jboss.as.ejb3] (MSC service thread 1-5) WFLYEJB0481: Strict pool slsb-strict-max-pool is using a max instance size of 192 (per class), which is derived from thread worker pool sizing.
2023-10-17 00:55:07,339 INFO  [org.wildfly.extension.undertow] (ServerService Thread Pool -- 75) WFLYUT0014: Creating file handler for path '/home/eren/Desktop/ITMO/3sem/wildfly-29.0.1.Final/welcome-content' with options [directory-listing: 'false', follow-symlink: 'false', case-sensitive: 'true', safe-symlink-paths: '[]']
2023-10-17 00:55:07,346 INFO  [org.wildfly.extension.undertow] (MSC service thread 1-7) WFLYUT0012: Started server default-server.
2023-10-17 00:55:07,347 INFO  [org.wildfly.extension.undertow] (MSC service thread 1-8) Queuing requests.
2023-10-17 00:55:07,348 INFO  [org.wildfly.extension.undertow] (MSC service thread 1-8) WFLYUT0018: Host default-host starting
2023-10-17 00:55:07,376 INFO  [org.wildfly.extension.undertow] (MSC service thread 1-7) WFLYUT0006: Undertow HTTP listener default listening on 127.0.0.1:8080
2023-10-17 00:55:07,424 INFO  [org.jboss.as.ejb3] (MSC service thread 1-5) WFLYEJB0493: Jakarta Enterprise Beans subsystem suspension complete
2023-10-17 00:55:07,450 INFO  [org.wildfly.extension.undertow] (MSC service thread 1-4) WFLYUT0006: Undertow HTTPS listener https listening on 127.0.0.1:8443
2023-10-17 00:55:07,479 INFO  [org.jboss.as.connector.subsystems.datasources] (MSC service thread 1-2) WFLYJCA0001: Bound data source [java:jboss/datasources/ExampleDS]
2023-10-17 00:55:07,634 INFO  [org.jboss.as.server.deployment] (MSC service thread 1-8) WFLYSRV0027: Starting deployment of "web2-210923-1705-1.0-SNAPSHOT.war" (runtime-name: "web2-210923-1705-1.0-SNAPSHOT.war")
2023-10-17 00:55:07,636 INFO  [org.jboss.as.server.deployment.scanner] (MSC service thread 1-6) WFLYDS0013: Started FileSystemDeploymentService for directory /home/eren/Desktop/ITMO/3sem/wildfly-29.0.1.Final/standalone/deployments
2023-10-17 00:55:07,637 ERROR [org.jboss.msc.service.fail] (MSC service thread 1-8) MSC000001: Failed to start service jboss.deployment.unit."web2-210923-1705-1.0-SNAPSHOT.war".STRUCTURE: org.jboss.msc.service.StartException in service jboss.deployment.unit."web2-210923-1705-1.0-SNAPSHOT.war".STRUCTURE: WFLYSRV0153: Failed to process phase STRUCTURE of deployment "web2-210923-1705-1.0-SNAPSHOT.war"
	at org.jboss.as.server@21.1.1.Final//org.jboss.as.server.deployment.DeploymentUnitPhaseService.start(DeploymentUnitPhaseService.java:189)
	at org.jboss.msc@1.5.1.Final//org.jboss.msc.service.ServiceControllerImpl$StartTask.startService(ServiceControllerImpl.java:1617)
	at org.jboss.msc@1.5.1.Final//org.jboss.msc.service.ServiceControllerImpl$StartTask.execute(ServiceControllerImpl.java:1580)
	at org.jboss.msc@1.5.1.Final//org.jboss.msc.service.ServiceControllerImpl$ControllerTask.run(ServiceControllerImpl.java:1438)
	at org.jboss.threads@2.4.0.Final//org.jboss.threads.ContextClassLoaderSavingRunnable.run(ContextClassLoaderSavingRunnable.java:35)
	at org.jboss.threads@2.4.0.Final//org.jboss.threads.EnhancedQueueExecutor.safeRun(EnhancedQueueExecutor.java:1990)
	at org.jboss.threads@2.4.0.Final//org.jboss.threads.EnhancedQueueExecutor$ThreadBody.doRunTask(EnhancedQueueExecutor.java:1486)
	at org.jboss.threads@2.4.0.Final//org.jboss.threads.EnhancedQueueExecutor$ThreadBody.run(EnhancedQueueExecutor.java:1377)
	at java.base/java.lang.Thread.run(Thread.java:833)
Caused by: org.jboss.as.server.deployment.DeploymentUnitProcessingException: WFLYSRV0160: Failed to mount deployment content
	at org.jboss.as.server@21.1.1.Final//org.jboss.as.server.deployment.module.DeploymentRootMountProcessor.deploy(DeploymentRootMountProcessor.java:95)
	at org.jboss.as.server@21.1.1.Final//org.jboss.as.server.deployment.DeploymentUnitPhaseService.start(DeploymentUnitPhaseService.java:182)
	... 8 more
Caused by: java.io.FileNotFoundException: /home/eren/Desktop/web2-210923-1705/build/libs/web2-210923-1705-1.0-SNAPSHOT.war (No such file or directory)
	at java.base/java.io.FileInputStream.open0(Native Method)
	at java.base/java.io.FileInputStream.open(FileInputStream.java:216)
	at java.base/java.io.FileInputStream.<init>(FileInputStream.java:157)
	at org.jboss.vfs@3.3.0.Final//org.jboss.vfs.spi.RootFileSystem.openInputStream(RootFileSystem.java:51)
	at org.jboss.vfs@3.3.0.Final//org.jboss.vfs.VirtualFile.openStream(VirtualFile.java:318)
	at org.jboss.vfs@3.3.0.Final//org.jboss.vfs.VFS.mountZipExpanded(VFS.java:533)
	at org.jboss.as.server@21.1.1.Final//org.jboss.as.server.deployment.DeploymentMountProvider$Factory$ServerDeploymentRepositoryImpl.mountDeploymentContent(DeploymentMountProvider.java:110)
	at org.jboss.as.server@21.1.1.Final//org.jboss.as.server.deployment.module.DeploymentRootMountProcessor.deploy(DeploymentRootMountProcessor.java:91)
	... 9 more

2023-10-17 00:55:07,694 INFO  [org.jboss.ws.common.management] (MSC service thread 1-2) JBWS022052: Starting JBossWS 6.2.0.Final (Apache CXF 4.0.0) 
2023-10-17 00:55:07,762 ERROR [org.jboss.as.controller.management-operation] (Controller Boot Thread) WFLYCTL0013: Operation ("add") failed - address: ([("deployment" => "web2-210923-1705-1.0-SNAPSHOT.war")]) - failure description: {"WFLYCTL0080: Failed services" => {"jboss.deployment.unit.\"web2-210923-1705-1.0-SNAPSHOT.war\".STRUCTURE" => "WFLYSRV0153: Failed to process phase STRUCTURE of deployment \"web2-210923-1705-1.0-SNAPSHOT.war\"
    Caused by: org.jboss.as.server.deployment.DeploymentUnitProcessingException: WFLYSRV0160: Failed to mount deployment content
    Caused by: java.io.FileNotFoundException: /home/eren/Desktop/web2-210923-1705/build/libs/web2-210923-1705-1.0-SNAPSHOT.war (No such file or directory)"}}
2023-10-17 00:55:07,770 INFO  [org.jboss.as.server] (Controller Boot Thread) WFLYSRV0010: Deployed "web2-210923-1705-1.0-SNAPSHOT.war" (runtime-name : "web2-210923-1705-1.0-SNAPSHOT.war")
2023-10-17 00:55:07,772 INFO  [org.jboss.as.controller] (Controller Boot Thread) WFLYCTL0183: Service status report
WFLYCTL0186:   Services which failed to start:      service jboss.deployment.unit."web2-210923-1705-1.0-SNAPSHOT.war".STRUCTURE: WFLYSRV0153: Failed to process phase STRUCTURE of deployment "web2-210923-1705-1.0-SNAPSHOT.war"

2023-10-17 00:55:07,808 INFO  [org.jboss.as.server] (Controller Boot Thread) WFLYSRV0212: Resuming server
2023-10-17 00:55:07,811 INFO  [org.jboss.as] (Controller Boot Thread) WFLYSRV0060: Http management interface listening on http://127.0.0.1:9990/management
2023-10-17 00:55:07,811 INFO  [org.jboss.as] (Controller Boot Thread) WFLYSRV0051: Admin console listening on http://127.0.0.1:9990
2023-10-17 00:55:07,812 ERROR [org.jboss.as] (Controller Boot Thread) WFLYSRV0026: WildFly Full 29.0.1.Final (WildFly Core 21.1.1.Final) started (with errors) in 3053ms - Started 282 of 525 services (1 services failed or missing dependencies, 317 services are lazy, passive or on-demand) - Server configuration file in use: standalone.xml
2023-10-17 00:55:09,408 INFO  [org.jboss.as.server.deployment] (MSC service thread 1-4) WFLYSRV0027: Starting deployment of "web2-1.0-SNAPSHOT.war" (runtime-name: "web2-1.0-SNAPSHOT.war")
2023-10-17 00:55:09,844 WARN  [org.jboss.modules.define] (MSC service thread 1-6) Failed to define class javax.servlet.jsp.jstl.tlv.PermittedTaglibsTLV in Module "deployment.web2-1.0-SNAPSHOT.war" from Service Module Loader: java.lang.NoClassDefFoundError: Failed to link javax/servlet/jsp/jstl/tlv/PermittedTaglibsTLV (Module "deployment.web2-1.0-SNAPSHOT.war" from Service Module Loader): javax/servlet/jsp/tagext/TagLibraryValidator
	at java.base/java.lang.ClassLoader.defineClass1(Native Method)
	at java.base/java.lang.ClassLoader.defineClass(ClassLoader.java:1012)
	at java.base/java.lang.ClassLoader.defineClass(ClassLoader.java:1090)
	at org.jboss.modules.ModuleClassLoader.doDefineOrLoadClass(ModuleClassLoader.java:351)
	at org.jboss.modules.ModuleClassLoader.defineClass(ModuleClassLoader.java:482)
	at org.jboss.modules.ModuleClassLoader.loadClassLocal(ModuleClassLoader.java:276)
	at org.jboss.modules.ModuleClassLoader$1.loadClassLocal(ModuleClassLoader.java:79)
	at org.jboss.modules.Module.loadModuleClass(Module.java:765)
	at org.jboss.modules.ModuleClassLoader.findClass(ModuleClassLoader.java:192)
	at org.jboss.modules.ConcurrentClassLoader.performLoadClassUnchecked(ConcurrentClassLoader.java:410)
	at org.jboss.modules.ConcurrentClassLoader.performLoadClass(ConcurrentClassLoader.java:398)
	at org.jboss.modules.ConcurrentClassLoader.loadClass(ConcurrentClassLoader.java:116)
	at java.base/java.lang.Class.forName0(Native Method)
	at java.base/java.lang.Class.forName(Class.java:467)
	at org.jboss.as.ee@29.0.1.Final//org.jboss.as.ee.utils.ClassLoadingUtils.loadClass(ClassLoadingUtils.java:21)
	at org.jboss.as.ee@29.0.1.Final//org.jboss.as.ee.utils.ClassLoadingUtils.loadClass(ClassLoadingUtils.java:14)
	at org.jboss.as.ee@29.0.1.Final//org.jboss.as.ee.component.deployers.InterceptorAnnotationProcessor.processComponentConfig(InterceptorAnnotationProcessor.java:84)
	at org.jboss.as.ee@29.0.1.Final//org.jboss.as.ee.component.deployers.InterceptorAnnotationProcessor.deploy(InterceptorAnnotationProcessor.java:77)
	at org.jboss.as.server@21.1.1.Final//org.jboss.as.server.deployment.DeploymentUnitPhaseService.start(DeploymentUnitPhaseService.java:182)
	at org.jboss.msc@1.5.1.Final//org.jboss.msc.service.ServiceControllerImpl$StartTask.startService(ServiceControllerImpl.java:1617)
	at org.jboss.msc@1.5.1.Final//org.jboss.msc.service.ServiceControllerImpl$StartTask.execute(ServiceControllerImpl.java:1580)
	at org.jboss.msc@1.5.1.Final//org.jboss.msc.service.ServiceControllerImpl$ControllerTask.run(ServiceControllerImpl.java:1438)
	at org.jboss.threads@2.4.0.Final//org.jboss.threads.ContextClassLoaderSavingRunnable.run(ContextClassLoaderSavingRunnable.java:35)
	at org.jboss.threads@2.4.0.Final//org.jboss.threads.EnhancedQueueExecutor.safeRun(EnhancedQueueExecutor.java:1990)
	at org.jboss.threads@2.4.0.Final//org.jboss.threads.EnhancedQueueExecutor$ThreadBody.doRunTask(EnhancedQueueExecutor.java:1486)
	at org.jboss.threads@2.4.0.Final//org.jboss.threads.EnhancedQueueExecutor$ThreadBody.run(EnhancedQueueExecutor.java:1377)
	at java.base/java.lang.Thread.run(Thread.java:833)

2023-10-17 00:55:09,876 WARN  [org.jboss.modules.define] (MSC service thread 1-6) Failed to define class javax.servlet.jsp.jstl.tlv.ScriptFreeTLV in Module "deployment.web2-1.0-SNAPSHOT.war" from Service Module Loader: java.lang.NoClassDefFoundError: Failed to link javax/servlet/jsp/jstl/tlv/ScriptFreeTLV (Module "deployment.web2-1.0-SNAPSHOT.war" from Service Module Loader): javax/servlet/jsp/tagext/TagLibraryValidator
	at java.base/java.lang.ClassLoader.defineClass1(Native Method)
	at java.base/java.lang.ClassLoader.defineClass(ClassLoader.java:1012)
	at java.base/java.lang.ClassLoader.defineClass(ClassLoader.java:1090)
	at org.jboss.modules.ModuleClassLoader.doDefineOrLoadClass(ModuleClassLoader.java:351)
	at org.jboss.modules.ModuleClassLoader.defineClass(ModuleClassLoader.java:482)
	at org.jboss.modules.ModuleClassLoader.loadClassLocal(ModuleClassLoader.java:276)
	at org.jboss.modules.ModuleClassLoader$1.loadClassLocal(ModuleClassLoader.java:79)
	at org.jboss.modules.Module.loadModuleClass(Module.java:765)
	at org.jboss.modules.ModuleClassLoader.findClass(ModuleClassLoader.java:192)
	at org.jboss.modules.ConcurrentClassLoader.performLoadClassUnchecked(ConcurrentClassLoader.java:410)
	at org.jboss.modules.ConcurrentClassLoader.performLoadClass(ConcurrentClassLoader.java:398)
	at org.jboss.modules.ConcurrentClassLoader.loadClass(ConcurrentClassLoader.java:116)
	at java.base/java.lang.Class.forName0(Native Method)
	at java.base/java.lang.Class.forName(Class.java:467)
	at org.jboss.as.ee@29.0.1.Final//org.jboss.as.ee.utils.ClassLoadingUtils.loadClass(ClassLoadingUtils.java:21)
	at org.jboss.as.ee@29.0.1.Final//org.jboss.as.ee.utils.ClassLoadingUtils.loadClass(ClassLoadingUtils.java:14)
	at org.jboss.as.ee@29.0.1.Final//org.jboss.as.ee.component.deployers.InterceptorAnnotationProcessor.processComponentConfig(InterceptorAnnotationProcessor.java:84)
	at org.jboss.as.ee@29.0.1.Final//org.jboss.as.ee.component.deployers.InterceptorAnnotationProcessor.deploy(InterceptorAnnotationProcessor.java:77)
	at org.jboss.as.server@21.1.1.Final//org.jboss.as.server.deployment.DeploymentUnitPhaseService.start(DeploymentUnitPhaseService.java:182)
	at org.jboss.msc@1.5.1.Final//org.jboss.msc.service.ServiceControllerImpl$StartTask.startService(ServiceControllerImpl.java:1617)
	at org.jboss.msc@1.5.1.Final//org.jboss.msc.service.ServiceControllerImpl$StartTask.execute(ServiceControllerImpl.java:1580)
	at org.jboss.msc@1.5.1.Final//org.jboss.msc.service.ServiceControllerImpl$ControllerTask.run(ServiceControllerImpl.java:1438)
	at org.jboss.threads@2.4.0.Final//org.jboss.threads.ContextClassLoaderSavingRunnable.run(ContextClassLoaderSavingRunnable.java:35)
	at org.jboss.threads@2.4.0.Final//org.jboss.threads.EnhancedQueueExecutor.safeRun(EnhancedQueueExecutor.java:1990)
	at org.jboss.threads@2.4.0.Final//org.jboss.threads.EnhancedQueueExecutor$ThreadBody.doRunTask(EnhancedQueueExecutor.java:1486)
	at org.jboss.threads@2.4.0.Final//org.jboss.threads.EnhancedQueueExecutor$ThreadBody.run(EnhancedQueueExecutor.java:1377)
	at java.base/java.lang.Thread.run(Thread.java:833)

2023-10-17 00:55:09,993 WARN  [org.jboss.modules.define] (MSC service thread 1-8) Failed to define class javax.servlet.jsp.jstl.tlv.PermittedTaglibsTLV in Module "deployment.web2-1.0-SNAPSHOT.war" from Service Module Loader: java.lang.NoClassDefFoundError: Failed to link javax/servlet/jsp/jstl/tlv/PermittedTaglibsTLV (Module "deployment.web2-1.0-SNAPSHOT.war" from Service Module Loader): javax/servlet/jsp/tagext/TagLibraryValidator
	at java.base/java.lang.ClassLoader.defineClass1(Native Method)
	at java.base/java.lang.ClassLoader.defineClass(ClassLoader.java:1012)
	at java.base/java.lang.ClassLoader.defineClass(ClassLoader.java:1090)
	at org.jboss.modules.ModuleClassLoader.doDefineOrLoadClass(ModuleClassLoader.java:351)
	at org.jboss.modules.ModuleClassLoader.defineClass(ModuleClassLoader.java:482)
	at org.jboss.modules.ModuleClassLoader.loadClassLocal(ModuleClassLoader.java:276)
	at org.jboss.modules.ModuleClassLoader$1.loadClassLocal(ModuleClassLoader.java:79)
	at org.jboss.modules.Module.loadModuleClass(Module.java:765)
	at org.jboss.modules.ModuleClassLoader.findClass(ModuleClassLoader.java:192)
	at org.jboss.modules.ConcurrentClassLoader.performLoadClassUnchecked(ConcurrentClassLoader.java:410)
	at org.jboss.modules.ConcurrentClassLoader.performLoadClass(ConcurrentClassLoader.java:398)
	at org.jboss.modules.ConcurrentClassLoader.loadClass(ConcurrentClassLoader.java:116)
	at java.base/java.lang.Class.forName0(Native Method)
	at java.base/java.lang.Class.forName(Class.java:467)
	at org.jboss.as.ee@29.0.1.Final//org.jboss.as.ee.utils.ClassLoadingUtils.loadClass(ClassLoadingUtils.java:21)
	at org.jboss.as.ee@29.0.1.Final//org.jboss.as.ee.component.deployers.EEModuleConfigurationProcessor.deploy(EEModuleConfigurationProcessor.java:80)
	at org.jboss.as.server@21.1.1.Final//org.jboss.as.server.deployment.DeploymentUnitPhaseService.start(DeploymentUnitPhaseService.java:182)
	at org.jboss.msc@1.5.1.Final//org.jboss.msc.service.ServiceControllerImpl$StartTask.startService(ServiceControllerImpl.java:1617)
	at org.jboss.msc@1.5.1.Final//org.jboss.msc.service.ServiceControllerImpl$StartTask.execute(ServiceControllerImpl.java:1580)
	at org.jboss.msc@1.5.1.Final//org.jboss.msc.service.ServiceControllerImpl$ControllerTask.run(ServiceControllerImpl.java:1438)
	at org.jboss.threads@2.4.0.Final//org.jboss.threads.ContextClassLoaderSavingRunnable.run(ContextClassLoaderSavingRunnable.java:35)
	at org.jboss.threads@2.4.0.Final//org.jboss.threads.EnhancedQueueExecutor.safeRun(EnhancedQueueExecutor.java:1990)
	at org.jboss.threads@2.4.0.Final//org.jboss.threads.EnhancedQueueExecutor$ThreadBody.doRunTask(EnhancedQueueExecutor.java:1486)
	at org.jboss.threads@2.4.0.Final//org.jboss.threads.EnhancedQueueExecutor$ThreadBody.run(EnhancedQueueExecutor.java:1363)
	at java.base/java.lang.Thread.run(Thread.java:833)

2023-10-17 00:55:09,993 WARN  [org.jboss.as.ee] (MSC service thread 1-8) WFLYEE0007: Not installing optional component javax.servlet.jsp.jstl.tlv.PermittedTaglibsTLV due to an exception (enable DEBUG log level to see the cause)
2023-10-17 00:55:10,012 WARN  [org.jboss.modules.define] (MSC service thread 1-8) Failed to define class javax.servlet.jsp.jstl.tlv.ScriptFreeTLV in Module "deployment.web2-1.0-SNAPSHOT.war" from Service Module Loader: java.lang.NoClassDefFoundError: Failed to link javax/servlet/jsp/jstl/tlv/ScriptFreeTLV (Module "deployment.web2-1.0-SNAPSHOT.war" from Service Module Loader): javax/servlet/jsp/tagext/TagLibraryValidator
	at java.base/java.lang.ClassLoader.defineClass1(Native Method)
	at java.base/java.lang.ClassLoader.defineClass(ClassLoader.java:1012)
	at java.base/java.lang.ClassLoader.defineClass(ClassLoader.java:1090)
	at org.jboss.modules.ModuleClassLoader.doDefineOrLoadClass(ModuleClassLoader.java:351)
	at org.jboss.modules.ModuleClassLoader.defineClass(ModuleClassLoader.java:482)
	at org.jboss.modules.ModuleClassLoader.loadClassLocal(ModuleClassLoader.java:276)
	at org.jboss.modules.ModuleClassLoader$1.loadClassLocal(ModuleClassLoader.java:79)
	at org.jboss.modules.Module.loadModuleClass(Module.java:765)
	at org.jboss.modules.ModuleClassLoader.findClass(ModuleClassLoader.java:192)
	at org.jboss.modules.ConcurrentClassLoader.performLoadClassUnchecked(ConcurrentClassLoader.java:410)
	at org.jboss.modules.ConcurrentClassLoader.performLoadClass(ConcurrentClassLoader.java:398)
	at org.jboss.modules.ConcurrentClassLoader.loadClass(ConcurrentClassLoader.java:116)
	at java.base/java.lang.Class.forName0(Native Method)
	at java.base/java.lang.Class.forName(Class.java:467)
	at org.jboss.as.ee@29.0.1.Final//org.jboss.as.ee.utils.ClassLoadingUtils.loadClass(ClassLoadingUtils.java:21)
	at org.jboss.as.ee@29.0.1.Final//org.jboss.as.ee.component.deployers.EEModuleConfigurationProcessor.deploy(EEModuleConfigurationProcessor.java:80)
	at org.jboss.as.server@21.1.1.Final//org.jboss.as.server.deployment.DeploymentUnitPhaseService.start(DeploymentUnitPhaseService.java:182)
	at org.jboss.msc@1.5.1.Final//org.jboss.msc.service.ServiceControllerImpl$StartTask.startService(ServiceControllerImpl.java:1617)
	at org.jboss.msc@1.5.1.Final//org.jboss.msc.service.ServiceControllerImpl$StartTask.execute(ServiceControllerImpl.java:1580)
	at org.jboss.msc@1.5.1.Final//org.jboss.msc.service.ServiceControllerImpl$ControllerTask.run(ServiceControllerImpl.java:1438)
	at org.jboss.threads@2.4.0.Final//org.jboss.threads.ContextClassLoaderSavingRunnable.run(ContextClassLoaderSavingRunnable.java:35)
	at org.jboss.threads@2.4.0.Final//org.jboss.threads.EnhancedQueueExecutor.safeRun(EnhancedQueueExecutor.java:1990)
	at org.jboss.threads@2.4.0.Final//org.jboss.threads.EnhancedQueueExecutor$ThreadBody.doRunTask(EnhancedQueueExecutor.java:1486)
	at org.jboss.threads@2.4.0.Final//org.jboss.threads.EnhancedQueueExecutor$ThreadBody.run(EnhancedQueueExecutor.java:1363)
	at java.base/java.lang.Thread.run(Thread.java:833)

2023-10-17 00:55:10,012 WARN  [org.jboss.as.ee] (MSC service thread 1-8) WFLYEE0007: Not installing optional component javax.servlet.jsp.jstl.tlv.ScriptFreeTLV due to an exception (enable DEBUG log level to see the cause)
2023-10-17 00:55:10,134 WARN  [org.wildfly.extension.undertow] (MSC service thread 1-7) WFLYUT0101: Duplicate servlet mapping /controller found
2023-10-17 00:55:10,201 INFO  [org.wildfly.extension.undertow] (ServerService Thread Pool -- 53) WFLYUT0021: Registered web context: '/web2-1.0-SNAPSHOT' for server 'default-server'
2023-10-17 00:55:10,239 INFO  [org.jboss.as.server] (management-handler-thread - 1) WFLYSRV0010: Deployed "web2-1.0-SNAPSHOT.war" (runtime-name : "web2-1.0-SNAPSHOT.war")
2023-10-17 00:55:10,240 INFO  [org.jboss.as.controller] (management-handler-thread - 1) WFLYCTL0183: Service status report
WFLYCTL0186:   Services which failed to start:      service jboss.deployment.unit."web2-210923-1705-1.0-SNAPSHOT.war".STRUCTURE: WFLYSRV0153: Failed to process phase STRUCTURE of deployment "web2-210923-1705-1.0-SNAPSHOT.war"

2023-10-17 00:55:35,448 INFO  [org.wildfly.extension.undertow] (ServerService Thread Pool -- 53) WFLYUT0022: Unregistered web context: '/web2-1.0-SNAPSHOT' from server 'default-server'
2023-10-17 00:55:35,471 INFO  [org.jboss.as.server.deployment] (MSC service thread 1-5) WFLYSRV0028: Stopped deployment web2-1.0-SNAPSHOT.war (runtime-name: web2-1.0-SNAPSHOT.war) in 26ms
2023-10-17 00:55:35,483 INFO  [org.jboss.as.server] (management-handler-thread - 1) WFLYSRV0009: Undeployed "web2-1.0-SNAPSHOT.war" (runtime-name: "web2-1.0-SNAPSHOT.war")
2023-10-17 00:55:35,483 INFO  [org.jboss.as.controller] (management-handler-thread - 1) WFLYCTL0183: Service status report
WFLYCTL0186:   Services which failed to start:      service jboss.deployment.unit."web2-210923-1705-1.0-SNAPSHOT.war".STRUCTURE: WFLYSRV0153: Failed to process phase STRUCTURE of deployment "web2-210923-1705-1.0-SNAPSHOT.war"

2023-10-17 00:55:35,541 INFO  [org.jboss.as.server] (management-handler-thread - 1) WFLYSRV0272: Suspending server
2023-10-17 00:55:35,543 INFO  [org.jboss.as.ejb3] (management-handler-thread - 1) WFLYEJB0493: Jakarta Enterprise Beans subsystem suspension complete
2023-10-17 00:55:35,544 INFO  [org.jboss.as.server] (Management Triggered Shutdown) WFLYSRV0241: Shutting down in response to management operation 'shutdown'
2023-10-17 00:55:35,547 INFO  [org.wildfly.extension.undertow] (MSC service thread 1-2) WFLYUT0019: Host default-host stopping
2023-10-17 00:55:35,547 INFO  [org.jboss.as.connector.subsystems.datasources] (MSC service thread 1-5) WFLYJCA0010: Unbound data source [java:jboss/datasources/ExampleDS]
2023-10-17 00:55:35,548 INFO  [org.wildfly.extension.undertow] (MSC service thread 1-4) WFLYUT0008: Undertow HTTPS listener https suspending
2023-10-17 00:55:35,548 INFO  [org.wildfly.extension.undertow] (MSC service thread 1-4) WFLYUT0007: Undertow HTTPS listener https stopped, was bound to 127.0.0.1:8443
2023-10-17 00:55:35,550 INFO  [org.jboss.as.server.deployment] (MSC service thread 1-8) WFLYSRV0028: Stopped deployment web2-210923-1705-1.0-SNAPSHOT.war (runtime-name: web2-210923-1705-1.0-SNAPSHOT.war) in 1ms
2023-10-17 00:55:35,551 INFO  [org.jboss.as.mail.extension] (MSC service thread 1-5) WFLYMAIL0002: Unbound mail session [java:jboss/mail/Default]
2023-10-17 00:55:35,552 INFO  [org.wildfly.extension.undertow] (MSC service thread 1-7) WFLYUT0008: Undertow HTTP listener default suspending
2023-10-17 00:55:35,553 INFO  [org.jboss.as.connector.deployers.jdbc] (MSC service thread 1-6) WFLYJCA0019: Stopped Driver service with driver-name = h2
2023-10-17 00:55:35,553 INFO  [org.wildfly.extension.undertow] (MSC service thread 1-7) WFLYUT0007: Undertow HTTP listener default stopped, was bound to 127.0.0.1:8080
2023-10-17 00:55:35,554 INFO  [org.wildfly.extension.undertow] (MSC service thread 1-6) WFLYUT0004: Undertow 2.3.7.Final stopping
2023-10-17 00:55:35,561 INFO  [org.jboss.as] (MSC service thread 1-8) WFLYSRV0050: WildFly Full 29.0.1.Final (WildFly Core 21.1.1.Final) stopped in 13ms
